TN:
SF:/Users/phil/alchemy/career-track/ripe-banana/e2e/db.js
FN:4,(anonymous_0)
FN:6,(anonymous_1)
FNF:2
FNH:2
FNDA:3,(anonymous_0)
FNDA:1,(anonymous_1)
DA:1,1
DA:3,1
DA:5,3
DA:7,1
LF:4
LH:4
BRDA:7,0,0,0
BRDA:7,0,1,1
BRF:2
BRH:1
end_of_record
TN:
SF:/Users/phil/alchemy/career-track/ripe-banana/e2e/request.js
FNF:0
FNH:0
DA:1,2
DA:2,2
DA:4,2
LF:3
LH:3
BRF:0
BRH:0
end_of_record
TN:
SF:/Users/phil/alchemy/career-track/ripe-banana/lib/app.js
FN:15,(anonymous_0)
FNF:1
FNH:1
FNDA:1,(anonymous_0)
DA:1,2
DA:2,2
DA:4,2
DA:7,2
DA:8,2
DA:9,2
DA:10,2
DA:11,2
DA:12,2
DA:15,2
DA:18,2
DA:19,2
DA:22,2
DA:23,2
DA:27,2
DA:28,2
DA:30,2
LF:17
LH:17
BRF:0
BRH:0
end_of_record
TN:
SF:/Users/phil/alchemy/career-track/ripe-banana/lib/connect.js
FN:5,(anonymous_0)
FN:6,(anonymous_1)
FN:11,(anonymous_2)
FN:18,(anonymous_3)
FN:28,(anonymous_4)
FN:29,(anonymous_5)
FNF:6
FNH:1
FNDA:0,(anonymous_0)
FNDA:0,(anonymous_1)
FNDA:0,(anonymous_2)
FNDA:3,(anonymous_3)
FNDA:0,(anonymous_4)
FNDA:0,(anonymous_5)
DA:2,3
DA:3,3
DA:5,3
DA:6,0
DA:7,0
DA:11,3
DA:12,0
DA:13,0
DA:15,0
DA:18,3
DA:20,3
DA:21,0
DA:23,0
DA:24,0
DA:25,0
DA:28,3
DA:29,0
DA:30,0
DA:31,0
DA:35,3
LF:20
LH:8
BRDA:13,0,0,0
BRDA:13,0,1,0
BRDA:18,1,0,0
BRDA:20,2,0,0
BRDA:20,2,1,3
BRF:5
BRH:1
end_of_record
TN:
SF:/Users/phil/alchemy/career-track/ripe-banana/lib/middleware/api-404.js
FN:1,(anonymous_0)
FNF:1
FNH:1
FNDA:1,(anonymous_0)
DA:1,2
DA:2,1
LF:2
LH:2
BRF:0
BRH:0
end_of_record
TN:
SF:/Users/phil/alchemy/career-track/ripe-banana/lib/middleware/check-connection.js
FN:4,(anonymous_0)
FNF:1
FNH:1
FNDA:8,(anonymous_0)
DA:1,2
DA:2,2
DA:4,2
DA:5,8
DA:6,0
DA:11,8
LF:6
LH:5
BRDA:5,0,0,0
BRDA:5,0,1,8
BRF:2
BRH:1
end_of_record
TN:
SF:/Users/phil/alchemy/career-track/ripe-banana/lib/middleware/error-handler.js
FN:4,(anonymous_0)
FNF:1
FNH:0
FNDA:0,(anonymous_0)
DA:4,2
DA:5,0
DA:6,0
DA:9,0
DA:10,0
DA:11,0
DA:14,0
DA:18,0
DA:19,0
DA:24,0
DA:28,0
DA:30,0
LF:12
LH:1
BRDA:9,0,0,0
BRDA:9,0,1,0
BRDA:9,1,0,0
BRDA:9,1,1,0
BRDA:14,2,0,0
BRDA:14,2,1,0
BRF:6
BRH:0
end_of_record
TN:
SF:/Users/phil/alchemy/career-track/ripe-banana/lib/models/register-plugins.js
FN:9,(anonymous_0)
FN:10,(anonymous_1)
FN:15,(anonymous_2)
FN:16,(anonymous_3)
FN:21,(anonymous_4)
FN:22,(anonymous_5)
FN:25,(anonymous_6)
FNF:7
FNH:4
FNDA:2,(anonymous_0)
FNDA:1,(anonymous_1)
FNDA:2,(anonymous_2)
FNDA:0,(anonymous_3)
FNDA:2,(anonymous_4)
FNDA:0,(anonymous_5)
FNDA:0,(anonymous_6)
DA:1,2
DA:3,2
DA:9,2
DA:10,2
DA:11,1
DA:15,2
DA:16,2
DA:17,0
DA:21,2
DA:22,2
DA:23,0
DA:25,0
DA:29,2
DA:30,2
DA:31,2
LF:15
LH:12
BRF:0
BRH:0
end_of_record
TN:
SF:/Users/phil/alchemy/career-track/ripe-banana/lib/models/required-types.js
FNF:0
FNH:0
DA:1,3
DA:6,3
DA:11,3
DA:16,3
LF:4
LH:4
BRF:0
BRH:0
end_of_record
TN:
SF:/Users/phil/alchemy/career-track/ripe-banana/lib/models/reviewer.js
FNF:0
FNH:0
DA:1,3
DA:2,3
DA:3,3
DA:5,3
DA:10,3
LF:5
LH:5
BRF:0
BRH:0
end_of_record
TN:
SF:/Users/phil/alchemy/career-track/ripe-banana/lib/routes/reviewers.js
FN:5,(anonymous_0)
FN:7,(anonymous_1)
FN:11,(anonymous_2)
FN:13,(anonymous_3)
FN:17,(anonymous_4)
FN:19,(anonymous_5)
FNF:6
FNH:6
FNDA:3,(anonymous_0)
FNDA:3,(anonymous_1)
FNDA:1,(anonymous_2)
FNDA:1,(anonymous_3)
FNDA:1,(anonymous_4)
FNDA:1,(anonymous_5)
DA:1,2
DA:2,2
DA:4,2
DA:6,3
DA:7,3
DA:12,1
DA:13,1
DA:18,1
DA:19,1
DA:23,2
LF:10
LH:10
BRF:0
BRH:0
end_of_record
